生成启动时间为 2016/9/28 星期三 23:42:01。
     1>项目“E:\学习资料\C++\MFC\CaptureScreen\CaptureScreen\CaptureScreen.vcxproj”在节点 2 上(Rebuild 个目标)。
     1>ClCompile:
         D:\必要软件\新建文件夹\VC\bin\CL.exe /c /Zi /nologo /W3 /WX- /O2 /Oi /Oy- /GL /D WIN32 /D NDEBUG /D _WINDOWS /D _UNICODE /D UNICODE /Gm- /EHsc /MD /GS /Gy /fp:precise /Zc:wchar_t /Zc:forScope /Yc"stdafx.h" /Fp"Release\CaptureScreen.pch" /Fo"Release\\" /Fd"Release\vc120.pdb" /Gd /TP /analyze- /errorReport:prompt stdafx.cpp
         stdafx.cpp
         D:\必要软件\新建文件夹\VC\bin\CL.exe /c /Zi /nologo /W3 /WX- /O2 /Oi /Oy- /GL /D WIN32 /D NDEBUG /D _WINDOWS /D _UNICODE /D UNICODE /Gm- /EHsc /MD /GS /Gy /fp:precise /Zc:wchar_t /Zc:forScope /Yu"stdafx.h" /Fp"Release\CaptureScreen.pch" /Fo"Release\\" /Fd"Release\vc120.pdb" /Gd /TP /analyze- /errorReport:prompt CaptureScreen.cpp
         CaptureScreen.cpp
     1>CaptureScreen.cpp(3): warning C4627: “#include "easyx.h"”:  在查找预编译头使用时跳过
                 将指令添加到“stdafx.h”或重新生成预编译头
     1>CaptureScreen.cpp(4): warning C4627: “#include "graphics.h"”:  在查找预编译头使用时跳过
                 将指令添加到“stdafx.h”或重新生成预编译头
     1>CaptureScreen.cpp(41): error C2664: “MCIERROR mciSendStringW(LPCWSTR,LPWSTR,UINT,HWND)”: 无法将参数 1 从“const char [24]”转换为“LPCWSTR”
                 与指向的类型无关；转换要求 reinterpret_cast、C 样式转换或函数样式转换
     1>CaptureScreen.cpp(42): error C2664: “MCIERROR mciSendStringW(LPCWSTR,LPWSTR,UINT,HWND)”: 无法将参数 1 从“const char [15]”转换为“LPCWSTR”
                 与指向的类型无关；转换要求 reinterpret_cast、C 样式转换或函数样式转换
     1>CaptureScreen.cpp(172): error C2664: “int MessageBoxW(HWND,LPCWSTR,LPCWSTR,UINT)”: 无法将参数 2 从“const char [11]”转换为“LPCWSTR”
                 与指向的类型无关；转换要求 reinterpret_cast、C 样式转换或函数样式转换
     1>CaptureScreen.cpp(288): error C2664: “HDC CreateDCW(LPCWSTR,LPCWSTR,LPCWSTR,const DEVMODEW *)”: 无法将参数 1 从“const char [8]”转换为“LPCWSTR”
                 与指向的类型无关；转换要求 reinterpret_cast、C 样式转换或函数样式转换
     1>CaptureScreen.cpp(306): error C2664: “HDC CreateDCW(LPCWSTR,LPCWSTR,LPCWSTR,const DEVMODEW *)”: 无法将参数 1 从“const char [8]”转换为“LPCWSTR”
                 与指向的类型无关；转换要求 reinterpret_cast、C 样式转换或函数样式转换
     1>已完成生成项目“E:\学习资料\C++\MFC\CaptureScreen\CaptureScreen\CaptureScreen.vcxproj”(Rebuild 个目标)的操作 - 失败。

生成失败。

已用时间 00:00:01.56
